0 info it worked if it ends with ok
1 verbose cli [ 'C:\\Program Files\\nodejs\\node.exe',
1 verbose cli   'C:\\Program Files\\nodejs\\node_modules\\npm\\bin\\npm-cli.js',
1 verbose cli   'install',
1 verbose cli   'jquery' ]
2 info using npm@3.10.9
3 info using node@v6.9.2
4 silly loadCurrentTree Starting
5 silly install loadCurrentTree
6 silly install readLocalPackageData
7 silly fetchPackageMetaData jquery@^3.1.0
8 silly fetchNamedPackageData jquery
9 silly mapToRegistry name jquery
10 silly mapToRegistry using default registry
11 silly mapToRegistry registry https://registry.npmjs.org/
12 silly mapToRegistry data Result {
12 silly mapToRegistry   raw: 'jquery',
12 silly mapToRegistry   scope: null,
12 silly mapToRegistry   escapedName: 'jquery',
12 silly mapToRegistry   name: 'jquery',
12 silly mapToRegistry   rawSpec: '',
12 silly mapToRegistry   spec: 'latest',
12 silly mapToRegistry   type: 'tag' }
13 silly mapToRegistry uri https://registry.npmjs.org/jquery
14 verbose request uri https://registry.npmjs.org/jquery
15 verbose request no auth needed
16 info attempt registry request try #1 at 9:32:03 AM
17 verbose request id 6b6a85ba516512ae
18 http request GET https://registry.npmjs.org/jquery
19 http 200 https://registry.npmjs.org/jquery
20 verbose headers { server: 'nginx/1.10.1',
20 verbose headers   'content-type': 'application/json',
20 verbose headers   'last-modified': 'Mon, 05 Dec 2016 17:11:40 GMT',
20 verbose headers   etag: 'W/"58459fcc-14804"',
20 verbose headers   'content-encoding': 'gzip',
20 verbose headers   'cache-control': 'max-age=300',
20 verbose headers   'content-length': '9895',
20 verbose headers   'accept-ranges': 'bytes',
20 verbose headers   date: 'Sat, 10 Dec 2016 09:22:04 GMT',
20 verbose headers   via: '1.1 varnish',
20 verbose headers   age: '236',
20 verbose headers   connection: 'keep-alive',
20 verbose headers   'x-served-by': 'cache-lcy1143-LCY',
20 verbose headers   'x-cache': 'HIT',
20 verbose headers   'x-cache-hits': '1',
20 verbose headers   'x-timer': 'S1481361724.500708,VS0,VE0',
20 verbose headers   vary: 'Accept-Encoding' }
21 silly get cb [ 200,
21 silly get   { server: 'nginx/1.10.1',
21 silly get     'content-type': 'application/json',
21 silly get     'last-modified': 'Mon, 05 Dec 2016 17:11:40 GMT',
21 silly get     etag: 'W/"58459fcc-14804"',
21 silly get     'content-encoding': 'gzip',
21 silly get     'cache-control': 'max-age=300',
21 silly get     'content-length': '9895',
21 silly get     'accept-ranges': 'bytes',
21 silly get     date: 'Sat, 10 Dec 2016 09:22:04 GMT',
21 silly get     via: '1.1 varnish',
21 silly get     age: '236',
21 silly get     connection: 'keep-alive',
21 silly get     'x-served-by': 'cache-lcy1143-LCY',
21 silly get     'x-cache': 'HIT',
21 silly get     'x-cache-hits': '1',
21 silly get     'x-timer': 'S1481361724.500708,VS0,VE0',
21 silly get     vary: 'Accept-Encoding' } ]
22 verbose get saving jquery to C:\Users\cleopatra.douglas\AppData\Roaming\npm-cache\registry.npmjs.org\jquery\.cache.json
23 verbose correctMkdir C:\Users\cleopatra.douglas\AppData\Roaming\npm-cache correctMkdir not in flight; initializing
24 silly install normalizeTree
25 silly loadCurrentTree Finishing
26 silly loadIdealTree Starting
27 silly install loadIdealTree
28 silly cloneCurrentTree Starting
29 silly install cloneCurrentTreeToIdealTree
30 silly cloneCurrentTree Finishing
31 silly loadShrinkwrap Starting
32 silly install loadShrinkwrap
33 silly loadShrinkwrap Finishing
34 silly loadAllDepsIntoIdealTree Starting
35 silly install loadAllDepsIntoIdealTree
36 silly resolveWithNewModule jquery@3.1.1 checking installable status
37 silly cache add args [ 'jquery@^3.1.0', null ]
38 verbose cache add spec jquery@^3.1.0
39 silly cache add parsed spec Result {
39 silly cache add   raw: 'jquery@^3.1.0',
39 silly cache add   scope: null,
39 silly cache add   escapedName: 'jquery',
39 silly cache add   name: 'jquery',
39 silly cache add   rawSpec: '^3.1.0',
39 silly cache add   spec: '>=3.1.0 <4.0.0',
39 silly cache add   type: 'range' }
40 silly addNamed jquery@>=3.1.0 <4.0.0
41 verbose addNamed ">=3.1.0 <4.0.0" is a valid semver range for jquery
42 silly addNameRange { name: 'jquery', range: '>=3.1.0 <4.0.0', hasData: false }
43 silly mapToRegistry name jquery
44 silly mapToRegistry using default registry
45 silly mapToRegistry registry https://registry.npmjs.org/
46 silly mapToRegistry data Result {
46 silly mapToRegistry   raw: 'jquery',
46 silly mapToRegistry   scope: null,
46 silly mapToRegistry   escapedName: 'jquery',
46 silly mapToRegistry   name: 'jquery',
46 silly mapToRegistry   rawSpec: '',
46 silly mapToRegistry   spec: 'latest',
46 silly mapToRegistry   type: 'tag' }
47 silly mapToRegistry uri https://registry.npmjs.org/jquery
48 verbose addNameRange registry:https://registry.npmjs.org/jquery not in flight; fetching
49 verbose get https://registry.npmjs.org/jquery not expired, no request
50 silly addNameRange number 2 { name: 'jquery', range: '>=3.1.0 <4.0.0', hasData: true }
51 silly addNameRange versions [ 'jquery',
51 silly addNameRange   [ '1.5.1',
51 silly addNameRange     '1.6.2',
51 silly addNameRange     '1.6.3',
51 silly addNameRange     '1.7.2',
51 silly addNameRange     '1.7.3',
51 silly addNameRange     '1.8.2',
51 silly addNameRange     '1.8.3',
51 silly addNameRange     '2.1.0-beta2',
51 silly addNameRange     '2.1.0-beta3',
51 silly addNameRange     '1.11.0-beta3',
51 silly addNameRange     '1.11.0-rc1',
51 silly addNameRange     '2.1.0-rc1',
51 silly addNameRange     '1.11.0',
51 silly addNameRange     '2.1.0',
51 silly addNameRange     '2.1.1-beta1',
51 silly addNameRange     '1.11.1-beta1',
51 silly addNameRange     '2.1.1-rc1',
51 silly addNameRange     '1.11.1-rc1',
51 silly addNameRange     '2.1.1-rc2',
51 silly addNameRange     '1.11.1-rc2',
51 silly addNameRange     '2.1.1',
51 silly addNameRange     '1.11.1',
51 silly addNameRange     '1.9.1',
51 silly addNameRange     '2.1.2',
51 silly addNameRange     '1.11.2',
51 silly addNameRange     '2.1.3',
51 silly addNameRange     '2.1.4',
51 silly addNameRange     '1.11.3',
51 silly addNameRange     '3.0.0-alpha1',
51 silly addNameRange     '1.12.0',
51 silly addNameRange     '2.2.0',
51 silly addNameRange     '3.0.0-beta1',
51 silly addNameRange     '1.12.1',
51 silly addNameRange     '2.2.1',
51 silly addNameRange     '1.12.2',
51 silly addNameRange     '2.2.2',
51 silly addNameRange     '1.12.3',
51 silly addNameRange     '2.2.3',
51 silly addNameRange     '1.12.4',
51 silly addNameRange     '2.2.4',
51 silly addNameRange     '3.0.0-rc1',
51 silly addNameRange     '3.0.0',
51 silly addNameRange     '3.1.0',
51 silly addNameRange     '3.1.1' ] ]
52 silly addNamed jquery@3.1.1
53 verbose addNamed "3.1.1" is a plain semver version for jquery
54 silly mapToRegistry name jquery
55 silly mapToRegistry using default registry
56 silly mapToRegistry registry https://registry.npmjs.org/
57 silly mapToRegistry data Result {
57 silly mapToRegistry   raw: 'jquery',
57 silly mapToRegistry   scope: null,
57 silly mapToRegistry   escapedName: 'jquery',
57 silly mapToRegistry   name: 'jquery',
57 silly mapToRegistry   rawSpec: '',
57 silly mapToRegistry   spec: 'latest',
57 silly mapToRegistry   type: 'tag' }
58 silly mapToRegistry uri https://registry.npmjs.org/jquery
59 verbose addRemoteTarball https://registry.npmjs.org/jquery/-/jquery-3.1.1.tgz not in flight; adding
60 verbose addRemoteTarball [ 'https://registry.npmjs.org/jquery/-/jquery-3.1.1.tgz',
60 verbose addRemoteTarball   '347c1c21c7e004115e0a4da32cece041fad3c8a3' ]
61 info retry fetch attempt 1 at 9:32:06 AM
62 info attempt registry request try #1 at 9:32:06 AM
63 http fetch GET https://registry.npmjs.org/jquery/-/jquery-3.1.1.tgz
64 http fetch 200 https://registry.npmjs.org/jquery/-/jquery-3.1.1.tgz
65 info retry will retry, error on last attempt: Error: read ECONNRESET
66 silly fetchAndShaCheck shasum 347c1c21c7e004115e0a4da32cece041fad3c8a3
67 silly rollbackFailedOptional Starting
68 silly rollbackFailedOptional Finishing
69 silly runTopLevelLifecycles Finishing
70 silly install printInstalled
71 verbose stack Error: shasum check failed for C:\Users\CLEOPA~1.DOU\AppData\Local\Temp\npm-7540-a08dfced\registry.npmjs.org\jquery\-\jquery-3.1.1.tgz
71 verbose stack Expected: 347c1c21c7e004115e0a4da32cece041fad3c8a3
71 verbose stack Actual:   77e03023a2a66661b1ebb8160d78062e3757f1c4
71 verbose stack From:     https://registry.npmjs.org/jquery/-/jquery-3.1.1.tgz
71 verbose stack     at C:\Program Files\nodejs\node_modules\npm\node_modules\sha\index.js:25:8
71 verbose stack     at ReadStream.<anonymous> (C:\Program Files\nodejs\node_modules\npm\node_modules\sha\index.js:72:7)
71 verbose stack     at emitNone (events.js:91:20)
71 verbose stack     at ReadStream.emit (events.js:185:7)
71 verbose stack     at endReadableNT (_stream_readable.js:974:12)
71 verbose stack     at _combinedTickCallback (internal/process/next_tick.js:74:11)
71 verbose stack     at process._tickCallback (internal/process/next_tick.js:98:9)
72 verbose cwd C:\xampp\htdocs\gtbex
73 error Windows_NT 6.3.9600
74 error argv "C:\\Program Files\\nodejs\\node.exe" "C:\\Program Files\\nodejs\\node_modules\\npm\\bin\\npm-cli.js" "install" "jquery"
75 error node v6.9.2
76 error npm  v3.10.9
77 error shasum check failed for C:\Users\CLEOPA~1.DOU\AppData\Local\Temp\npm-7540-a08dfced\registry.npmjs.org\jquery\-\jquery-3.1.1.tgz
77 error Expected: 347c1c21c7e004115e0a4da32cece041fad3c8a3
77 error Actual:   77e03023a2a66661b1ebb8160d78062e3757f1c4
77 error From:     https://registry.npmjs.org/jquery/-/jquery-3.1.1.tgz
78 error If you need help, you may report this error at:
78 error     <https://github.com/npm/npm/issues>
79 verbose exit [ 1, true ]
